<?xml version="1.0" encoding="UTF-8" ?>
<testsuite tests="12" failures="0" name="service.MusicServiceTest" time="0.055" errors="0" skipped="0">
  <properties>
[...]
</properties>
  <testcase classname="service.MusicServiceTest" name="findLoveMusic" time="0.005"/>
  <testcase classname="service.MusicServiceTest" name="insert" time="0.006"/>
  <testcase classname="service.MusicServiceTest" name="deleteByMusicId" time="0.003"/>
  <testcase classname="service.MusicServiceTest" name="ifMusicLove" time="0.003"/>
  <testcase classname="service.MusicServiceTest" name="findMusic" time="0.005"/>
  <testcase classname="service.MusicServiceTest" name="findMusicById" time="0.005"/>
  <testcase classname="service.MusicServiceTest" name="removeLoveMusic" time="0.007"/>
  <testcase classname="service.MusicServiceTest" name="insertLoveMusic" time="0.005"/>
  <testcase classname="service.MusicServiceTest" name="ifMusic" time="0.004"/>
  <testcase classname="service.MusicServiceTest" name="findMusicByMusicId" time="0.004"/>
  <testcase classname="service.MusicServiceTest" name="removeLoveMusicOnDel" time="0.004"/>
  <testcase classname="service.MusicServiceTest" name="findLoveMusicOnDel" time="0.004"/>
</testsuite>